Build started 17-Mar-20 4:16:45 PM.
     1>Project "D:\FAKS\Projekti\CS367 - Super Pang\CS367-PZ-MilanRadeljic2865\CS367-PZ-MilanRadeljic2865.vcxproj" on node 2 (Build target(s)).
     1>ClCompile:
         C:\Program Files (x86)\Microsoft Visual Studio 11.0\VC\bin\CL.exe /c /ZI /nologo /W3 /WX- /Od /Oy- /D _CRT_SECURE_NO_WARNINGS /D _MBCS /Gm /EHsc /RTC1 /MDd /GS /fp:precise /Zc:wchar_t /Zc:forScope /Fo"Debug\\" /Fd"Debug\vc110.pdb" /Gd /TP /analyze- /errorReport:prompt Balloon.cpp GUI.cpp Hexa.cpp Main.cpp Player.cpp bmp.cpp
         bmp.cpp
     1>d:\faks\projekti\cs367 - super pang\cs367-pz-milanradeljic2865\bmp.h(4): fatal error C1083: Cannot open include file: 'gl/glut.h': No such file or directory
         Player.cpp
     1>d:\faks\projekti\cs367 - super pang\cs367-pz-milanradeljic2865\global.h(6): fatal error C1083: Cannot open include file: 'gl\glut.h': No such file or directory
         Main.cpp
     1>d:\faks\projekti\cs367 - super pang\cs367-pz-milanradeljic2865\main.cpp(3): fatal error C1083: Cannot open include file: 'gl\glut.h': No such file or directory
         Hexa.cpp
     1>d:\faks\projekti\cs367 - super pang\cs367-pz-milanradeljic2865\global.h(6): fatal error C1083: Cannot open include file: 'gl\glut.h': No such file or directory
         GUI.cpp
     1>d:\faks\projekti\cs367 - super pang\cs367-pz-milanradeljic2865\global.h(6): fatal error C1083: Cannot open include file: 'gl\glut.h': No such file or directory
         Balloon.cpp
     1>d:\faks\projekti\cs367 - super pang\cs367-pz-milanradeljic2865\global.h(6): fatal error C1083: Cannot open include file: 'gl\glut.h': No such file or directory
         Generating Code...
     1>Done Building Project "D:\FAKS\Projekti\CS367 - Super Pang\CS367-PZ-MilanRadeljic2865\CS367-PZ-MilanRadeljic2865.vcxproj" (Build target(s)) -- FAILED.

Build FAILED.

Time Elapsed 00:00:02.63
