C:\USERS\MILAN\DOCUMENTS\VISUAL STUDIO 2010\PROJECTS\CS367-PZ-MILANRADELJIC2865\CS367-PZ-MILANRADELJIC2865\DEBUG\ARROW.OBJ
C:\USERS\MILAN\DOCUMENTS\VISUAL STUDIO 2010\PROJECTS\CS367-PZ-MILANRADELJIC2865\CS367-PZ-MILANRADELJIC2865\DEBUG\BALLOON.OBJ
C:\USERS\MILAN\DOCUMENTS\VISUAL STUDIO 2010\PROJECTS\CS367-PZ-MILANRADELJIC2865\CS367-PZ-MILANRADELJIC2865\DEBUG\BMP.OBJ
C:\USERS\MILAN\DOCUMENTS\VISUAL STUDIO 2010\PROJECTS\CS367-PZ-MILANRADELJIC2865\CS367-PZ-MILANRADELJIC2865\DEBUG\BOOSTER.OBJ
C:\Users\Milan\documents\visual studio 2010\Projects\CS367-PZ-MilanRadeljic2865\CS367-PZ-MilanRadeljic2865\Debug\cl.command.1.tlog
C:\Users\Milan\documents\visual studio 2010\Projects\CS367-PZ-MilanRadeljic2865\CS367-PZ-MilanRadeljic2865\Debug\CL.read.1.tlog
C:\Users\Milan\documents\visual studio 2010\Projects\CS367-PZ-MilanRadeljic2865\CS367-PZ-MilanRadeljic2865\Debug\CL.write.1.tlog
C:\USERS\MILAN\DOCUMENTS\VISUAL STUDIO 2010\PROJECTS\CS367-PZ-MILANRADELJIC2865\CS367-PZ-MILANRADELJIC2865\DEBUG\CONTROLLER.OBJ
C:\USERS\MILAN\DOCUMENTS\VISUAL STUDIO 2010\PROJECTS\CS367-PZ-MILANRADELJIC2865\CS367-PZ-MILANRADELJIC2865\DEBUG\CS367-PZ-MILANRADELJIC2865.EXE.INTERMEDIATE.MANIFEST
C:\Users\Milan\documents\visual studio 2010\Projects\CS367-PZ-MilanRadeljic2865\CS367-PZ-MilanRadeljic2865\Debug\CS367-PZ-MilanRadeljic2865.vcxprojResolveAssemblyReference.cache
C:\Users\Milan\documents\visual studio 2010\Projects\CS367-PZ-MilanRadeljic2865\CS367-PZ-MilanRadeljic2865\Debug\CS367-PZ-MilanRadeljic2865.write.1.tlog
C:\USERS\MILAN\DOCUMENTS\VISUAL STUDIO 2010\PROJECTS\CS367-PZ-MILANRADELJIC2865\CS367-PZ-MILANRADELJIC2865\DEBUG\GUI.OBJ
C:\USERS\MILAN\DOCUMENTS\VISUAL STUDIO 2010\PROJECTS\CS367-PZ-MILANRADELJIC2865\CS367-PZ-MILANRADELJIC2865\DEBUG\HEXA.OBJ
C:\Users\Milan\documents\visual studio 2010\Projects\CS367-PZ-MilanRadeljic2865\CS367-PZ-MilanRadeljic2865\Debug\link.command.1.tlog
C:\Users\Milan\documents\visual studio 2010\Projects\CS367-PZ-MilanRadeljic2865\CS367-PZ-MilanRadeljic2865\Debug\link.read.1.tlog
C:\Users\Milan\documents\visual studio 2010\Projects\CS367-PZ-MilanRadeljic2865\CS367-PZ-MilanRadeljic2865\Debug\link.write.1.tlog
C:\USERS\MILAN\DOCUMENTS\VISUAL STUDIO 2010\PROJECTS\CS367-PZ-MILANRADELJIC2865\CS367-PZ-MILANRADELJIC2865\DEBUG\MAIN.OBJ
C:\Users\Milan\documents\visual studio 2010\Projects\CS367-PZ-MilanRadeljic2865\CS367-PZ-MilanRadeljic2865\Debug\mt.command.1.tlog
C:\Users\Milan\documents\visual studio 2010\Projects\CS367-PZ-MilanRadeljic2865\CS367-PZ-MilanRadeljic2865\Debug\mt.read.1.tlog
C:\Users\Milan\documents\visual studio 2010\Projects\CS367-PZ-MilanRadeljic2865\CS367-PZ-MilanRadeljic2865\Debug\mt.write.1.tlog
C:\USERS\MILAN\DOCUMENTS\VISUAL STUDIO 2010\PROJECTS\CS367-PZ-MILANRADELJIC2865\CS367-PZ-MILANRADELJIC2865\DEBUG\PLAYER.OBJ
C:\USERS\MILAN\DOCUMENTS\VISUAL STUDIO 2010\PROJECTS\CS367-PZ-MILANRADELJIC2865\CS367-PZ-MILANRADELJIC2865\DEBUG\SOUNDCONTROLLER.OBJ
C:\USERS\MILAN\DOCUMENTS\VISUAL STUDIO 2010\PROJECTS\CS367-PZ-MILANRADELJIC2865\CS367-PZ-MILANRADELJIC2865\DEBUG\STRELA.OBJ
C:\Users\Milan\documents\visual studio 2010\Projects\CS367-PZ-MilanRadeljic2865\CS367-PZ-MilanRadeljic2865\Debug\vc100.idb
C:\USERS\MILAN\DOCUMENTS\VISUAL STUDIO 2010\PROJECTS\CS367-PZ-MILANRADELJIC2865\CS367-PZ-MILANRADELJIC2865\DEBUG\VC100.PDB
C:\USERS\MILAN\DOCUMENTS\VISUAL STUDIO 2010\PROJECTS\CS367-PZ-MILANRADELJIC2865\DEBUG\CS367-PZ-MILANRADELJIC2865.EXE
C:\USERS\MILAN\DOCUMENTS\VISUAL STUDIO 2010\PROJECTS\CS367-PZ-MILANRADELJIC2865\DEBUG\CS367-PZ-MILANRADELJIC2865.ILK
C:\USERS\MILAN\DOCUMENTS\VISUAL STUDIO 2010\PROJECTS\CS367-PZ-MILANRADELJIC2865\DEBUG\CS367-PZ-MILANRADELJIC2865.PDB
